f:\learnc++\learnc\projects\moba_server\build\proj.win32\x64\debug\vc142.pdb
f:\learnc++\learnc\projects\moba_server\build\proj.win32\x64\debug\vc142.idb
f:\learnc++\learnc\projects\moba_server\build\proj.win32\x64\debug\req.obj
f:\learnc++\learnc\projects\moba_server\build\proj.win32\x64\debug\process.obj
f:\learnc++\learnc\projects\moba_server\build\proj.win32\x64\debug\process-stdio.obj
f:\learnc++\learnc\projects\moba_server\build\proj.win32\x64\debug\poll.obj
f:\learnc++\learnc\projects\moba_server\build\proj.win32\x64\debug\pipe.obj
f:\learnc++\learnc\projects\moba_server\build\proj.win32\x64\debug\loop-watcher.obj
f:\learnc++\learnc\projects\moba_server\build\proj.win32\x64\debug\handle.obj
f:\learnc++\learnc\projects\moba_server\build\proj.win32\x64\debug\getnameinfo.obj
f:\learnc++\learnc\projects\moba_server\build\proj.win32\x64\debug\getaddrinfo.obj
f:\learnc++\learnc\projects\moba_server\build\proj.win32\x64\debug\fs.obj
f:\learnc++\learnc\projects\moba_server\build\proj.win32\x64\debug\fs-event.obj
f:\learnc++\learnc\projects\moba_server\build\proj.win32\x64\debug\error.obj
f:\learnc++\learnc\projects\moba_server\build\proj.win32\x64\debug\dl.obj
f:\learnc++\learnc\projects\moba_server\build\proj.win32\x64\debug\core.obj
f:\learnc++\learnc\projects\moba_server\build\proj.win32\x64\debug\async.obj
f:\learnc++\learnc\projects\moba_server\build\proj.win32\x64\debug\version.obj
f:\learnc++\learnc\projects\moba_server\build\proj.win32\x64\debug\uv-common.obj
f:\learnc++\learnc\projects\moba_server\build\proj.win32\x64\debug\threadpool.obj
f:\learnc++\learnc\projects\moba_server\build\proj.win32\x64\debug\inet.obj
f:\learnc++\learnc\projects\moba_server\build\proj.win32\x64\debug\fs-poll.obj
f:\learnc++\learnc\projects\moba_server\build\proj.win32\x64\debug\winsock.obj
f:\learnc++\learnc\projects\moba_server\build\proj.win32\x64\debug\winapi.obj
f:\learnc++\learnc\projects\moba_server\build\proj.win32\x64\debug\util.obj
f:\learnc++\learnc\projects\moba_server\build\proj.win32\x64\debug\udp.obj
f:\learnc++\learnc\projects\moba_server\build\proj.win32\x64\debug\tty.obj
f:\learnc++\learnc\projects\moba_server\build\proj.win32\x64\debug\timer.obj
f:\learnc++\learnc\projects\moba_server\build\proj.win32\x64\debug\thread.obj
f:\learnc++\learnc\projects\moba_server\build\proj.win32\x64\debug\tcp.obj
f:\learnc++\learnc\projects\moba_server\build\proj.win32\x64\debug\stream.obj
f:\learnc++\learnc\projects\moba_server\build\proj.win32\x64\debug\snprintf.obj
f:\learnc++\learnc\projects\moba_server\build\proj.win32\x64\debug\signal.obj
f:\learnc++\learnc\projects\moba_server\build\proj.win32\x64\debug\netbus.obj
f:\learnc++\learnc\projects\moba_server\build\proj.win32\x64\debug\main.obj
f:\learnc++\learnc\projects\moba_server\build\proj.win32\x64\debug\session_uv.obj
f:\learnc++\learnc\projects\moba_server\build\proj.win32\x64\debug\moba_gameserver.exe
f:\learnc++\learnc\projects\moba_server\build\proj.win32\x64\debug\moba_gameserver.ilk
f:\learnc++\learnc\projects\moba_server\build\proj.win32\x64\debug\moba_gameserver.pdb
f:\learnc++\learnc\projects\moba_server\build\proj.win32\x64\debug\moba_gameserver.tlog\cl.command.1.tlog
f:\learnc++\learnc\projects\moba_server\build\proj.win32\x64\debug\moba_gameserver.tlog\cl.read.1.tlog
f:\learnc++\learnc\projects\moba_server\build\proj.win32\x64\debug\moba_gameserver.tlog\cl.write.1.tlog
f:\learnc++\learnc\projects\moba_server\build\proj.win32\x64\debug\moba_gameserver.tlog\link.52640-cvtres.read.1.tlog
f:\learnc++\learnc\projects\moba_server\build\proj.win32\x64\debug\moba_gameserver.tlog\link.52640-cvtres.write.1.tlog
f:\learnc++\learnc\projects\moba_server\build\proj.win32\x64\debug\moba_gameserver.tlog\link.52640-rc.read.1.tlog
f:\learnc++\learnc\projects\moba_server\build\proj.win32\x64\debug\moba_gameserver.tlog\link.52640-rc.write.1.tlog
f:\learnc++\learnc\projects\moba_server\build\proj.win32\x64\debug\moba_gameserver.tlog\link.52640.read.1.tlog
f:\learnc++\learnc\projects\moba_server\build\proj.win32\x64\debug\moba_gameserver.tlog\link.52640.write.1.tlog
f:\learnc++\learnc\projects\moba_server\build\proj.win32\x64\debug\moba_gameserver.tlog\link.command.1.tlog
f:\learnc++\learnc\projects\moba_server\build\proj.win32\x64\debug\moba_gameserver.tlog\link.read.1.tlog
f:\learnc++\learnc\projects\moba_server\build\proj.win32\x64\debug\moba_gameserver.tlog\link.write.1.tlog
