f:\learnc++\learnc\projects\007_libuv_tcp\class_libuv_tcp\proj.win32\debug\vc142.pdb
f:\learnc++\learnc\projects\007_libuv_tcp\class_libuv_tcp\proj.win32\debug\vc142.idb
f:\learnc++\learnc\projects\007_libuv_tcp\class_libuv_tcp\proj.win32\debug\req.obj
f:\learnc++\learnc\projects\007_libuv_tcp\class_libuv_tcp\proj.win32\debug\process.obj
f:\learnc++\learnc\projects\007_libuv_tcp\class_libuv_tcp\proj.win32\debug\process-stdio.obj
f:\learnc++\learnc\projects\007_libuv_tcp\class_libuv_tcp\proj.win32\debug\poll.obj
f:\learnc++\learnc\projects\007_libuv_tcp\class_libuv_tcp\proj.win32\debug\pipe.obj
f:\learnc++\learnc\projects\007_libuv_tcp\class_libuv_tcp\proj.win32\debug\loop-watcher.obj
f:\learnc++\learnc\projects\007_libuv_tcp\class_libuv_tcp\proj.win32\debug\handle.obj
f:\learnc++\learnc\projects\007_libuv_tcp\class_libuv_tcp\proj.win32\debug\getnameinfo.obj
f:\learnc++\learnc\projects\007_libuv_tcp\class_libuv_tcp\proj.win32\debug\getaddrinfo.obj
f:\learnc++\learnc\projects\007_libuv_tcp\class_libuv_tcp\proj.win32\debug\fs.obj
f:\learnc++\learnc\projects\007_libuv_tcp\class_libuv_tcp\proj.win32\debug\fs-event.obj
f:\learnc++\learnc\projects\007_libuv_tcp\class_libuv_tcp\proj.win32\debug\error.obj
f:\learnc++\learnc\projects\007_libuv_tcp\class_libuv_tcp\proj.win32\debug\dl.obj
f:\learnc++\learnc\projects\007_libuv_tcp\class_libuv_tcp\proj.win32\debug\core.obj
f:\learnc++\learnc\projects\007_libuv_tcp\class_libuv_tcp\proj.win32\debug\async.obj
f:\learnc++\learnc\projects\007_libuv_tcp\class_libuv_tcp\proj.win32\debug\version.obj
f:\learnc++\learnc\projects\007_libuv_tcp\class_libuv_tcp\proj.win32\debug\uv-common.obj
f:\learnc++\learnc\projects\007_libuv_tcp\class_libuv_tcp\proj.win32\debug\threadpool.obj
f:\learnc++\learnc\projects\007_libuv_tcp\class_libuv_tcp\proj.win32\debug\inet.obj
f:\learnc++\learnc\projects\007_libuv_tcp\class_libuv_tcp\proj.win32\debug\fs-poll.obj
f:\learnc++\learnc\projects\007_libuv_tcp\class_libuv_tcp\proj.win32\debug\main.obj
f:\learnc++\learnc\projects\007_libuv_tcp\class_libuv_tcp\proj.win32\debug\winsock.obj
f:\learnc++\learnc\projects\007_libuv_tcp\class_libuv_tcp\proj.win32\debug\winapi.obj
f:\learnc++\learnc\projects\007_libuv_tcp\class_libuv_tcp\proj.win32\debug\util.obj
f:\learnc++\learnc\projects\007_libuv_tcp\class_libuv_tcp\proj.win32\debug\udp.obj
f:\learnc++\learnc\projects\007_libuv_tcp\class_libuv_tcp\proj.win32\debug\tty.obj
f:\learnc++\learnc\projects\007_libuv_tcp\class_libuv_tcp\proj.win32\debug\timer.obj
f:\learnc++\learnc\projects\007_libuv_tcp\class_libuv_tcp\proj.win32\debug\thread.obj
f:\learnc++\learnc\projects\007_libuv_tcp\class_libuv_tcp\proj.win32\debug\tcp.obj
f:\learnc++\learnc\projects\007_libuv_tcp\class_libuv_tcp\proj.win32\debug\stream.obj
f:\learnc++\learnc\projects\007_libuv_tcp\class_libuv_tcp\proj.win32\debug\snprintf.obj
f:\learnc++\learnc\projects\007_libuv_tcp\class_libuv_tcp\proj.win32\debug\signal.obj
f:\learnc++\learnc\projects\007_libuv_tcp\class_libuv_tcp\proj.win32\debug\class_libuv_tcp.exe
f:\learnc++\learnc\projects\007_libuv_tcp\class_libuv_tcp\proj.win32\debug\class_libuv_tcp.ilk
f:\learnc++\learnc\projects\007_libuv_tcp\class_libuv_tcp\proj.win32\debug\class_libuv_tcp.pdb
f:\learnc++\learnc\projects\007_libuv_tcp\class_libuv_tcp\proj.win32\debug\class_libuv_tcp.tlog\cl.command.1.tlog
f:\learnc++\learnc\projects\007_libuv_tcp\class_libuv_tcp\proj.win32\debug\class_libuv_tcp.tlog\cl.read.1.tlog
f:\learnc++\learnc\projects\007_libuv_tcp\class_libuv_tcp\proj.win32\debug\class_libuv_tcp.tlog\cl.write.1.tlog
f:\learnc++\learnc\projects\007_libuv_tcp\class_libuv_tcp\proj.win32\debug\class_libuv_tcp.tlog\link.command.1.tlog
f:\learnc++\learnc\projects\007_libuv_tcp\class_libuv_tcp\proj.win32\debug\class_libuv_tcp.tlog\link.read.1.tlog
f:\learnc++\learnc\projects\007_libuv_tcp\class_libuv_tcp\proj.win32\debug\class_libuv_tcp.tlog\link.write.1.tlog
